Base path: 'C:/Program Files/Unity/Hub/Editor/2019.4.10f1/Editor/Data', plugins path 'C:/Program Files/Unity/Hub/Editor/2019.4.10f1/Editor/Data/PlaybackEngines'
Cmd: initializeCompiler
Cmd: preprocessCompute
  insize=7121 outsize=7123 ok=1
Cmd: preprocessCompute
  insize=7377 outsize=7379 ok=1
Cmd: preprocess
  insize=22695 outsize=459 ok=1
Cmd: preprocessCompute
  insize=6431 outsize=6433 ok=1
Cmd: preprocessCompute
  insize=5787 outsize=5789 ok=1
Cmd: preprocess
  insize=21571 outsize=459 ok=1
Cmd: preprocessCompute
  insize=7076 outsize=7078 ok=1
Cmd: preprocessCompute
  insize=7347 outsize=7349 ok=1
Cmd: preprocess
  insize=22695 outsize=459 ok=1
Cmd: preprocessCompute
  insize=6423 outsize=6425 ok=1
Cmd: preprocessCompute
  insize=5787 outsize=5789 ok=1
Cmd: preprocess
  insize=21571 outsize=459 ok=1
Cmd: preprocessCompute
  insize=7121 outsize=7123 ok=1
Cmd: preprocessCompute
  insize=7377 outsize=7379 ok=1
Cmd: preprocess
  insize=22695 outsize=459 ok=1
Cmd: preprocessCompute
  insize=6431 outsize=6433 ok=1
Cmd: preprocessCompute
  insize=5787 outsize=5789 ok=1
Cmd: preprocess
  insize=21571 outsize=459 ok=1
Cmd: preprocessCompute
  insize=7121 outsize=7123 ok=1
Cmd: preprocessCompute
  insize=7377 outsize=7379 ok=1
Cmd: preprocess
  insize=22695 outsize=459 ok=1
Cmd: preprocessCompute
  insize=6431 outsize=6433 ok=1
Cmd: preprocessCompute
  insize=5787 outsize=5789 ok=1
Cmd: preprocess
  insize=21571 outsize=459 ok=1
